This is pdfTeX, Version 3.14159265-2.6-1.40.17 (TeX Live 2016) (preloaded format=pdflatex 2017.8.15)  6 APR 2018 16:34
entering extended mode
 restricted \write18 enabled.
 %&-line parsing enabled.
**thesis.tex
(./thesis.tex
LaTeX2e <2016/03/31>
Babel <3.9r> and hyphenation patterns for 80 language(s) loaded.
(/usr/share/texlive/texmf-dist/tex/latex/base/report.cls
Document Class: report 2014/09/29 v1.4h Standard LaTeX document class
(/usr/share/texlive/texmf-dist/tex/latex/base/size12.clo
File: size12.clo 2014/09/29 v1.4h Standard LaTeX file (size option)
)
\c@part=\count79
\c@chapter=\count80
\c@section=\count81
\c@subsection=\count82
\c@subsubsection=\count83
\c@paragraph=\count84
\c@subparagraph=\count85
\c@figure=\count86
\c@table=\count87
\abovecaptionskip=\skip41
\belowcaptionskip=\skip42
\bibindent=\dimen102
)
(/usr/share/texlive/texmf-dist/tex/latex/graphics/graphicx.sty
Package: graphicx 2014/10/28 v1.0g Enhanced LaTeX Graphics (DPC,SPQR)

(/usr/share/texlive/texmf-dist/tex/latex/graphics/keyval.sty
Package: keyval 2014/10/28 v1.15 key=value parser (DPC)
\KV@toks@=\toks14
)
(/usr/share/texlive/texmf-dist/tex/latex/graphics/graphics.sty
Package: graphics 2016/05/09 v1.0r Standard LaTeX Graphics (DPC,SPQR)

(/usr/share/texlive/texmf-dist/tex/latex/graphics/trig.sty
Package: trig 2016/01/03 v1.10 sin cos tan (DPC)
)
(/usr/share/texlive/texmf-dist/tex/latex/graphics-cfg/graphics.cfg
File: graphics.cfg 2016/01/02 v1.10 sample graphics configuration
)
Package graphics Info: Driver file: pdftex.def on input line 96.

(/usr/share/texlive/texmf-dist/tex/latex/graphics-def/pdftex.def
File: pdftex.def 2016/07/10 v0.06j Graphics/color for pdfTeX

(/usr/share/texlive/texmf-dist/tex/generic/oberdiek/infwarerr.sty
Package: infwarerr 2016/05/16 v1.4 Providing info/warning/error messages (HO)
)
(/usr/share/texlive/texmf-dist/tex/generic/oberdiek/ltxcmds.sty
Package: ltxcmds 2016/05/16 v1.23 LaTeX kernel commands for general use (HO)
)
\Gread@gobject=\count88
))
\Gin@req@height=\dimen103
\Gin@req@width=\dimen104
)
(/usr/share/texlive/texmf-dist/tex/latex/tocloft/tocloft.sty
Package: tocloft 2013/05/02 v2.3f parameterised ToC, etc., typesetting
Package tocloft Info: The document has chapter divisions on input line 44.
\cftparskip=\skip43
\cftbeforetoctitleskip=\skip44
\cftaftertoctitleskip=\skip45
\cftbeforepartskip=\skip46
\cftpartnumwidth=\skip47
\cftpartindent=\skip48
\cftbeforechapskip=\skip49
\cftchapindent=\skip50
\cftchapnumwidth=\skip51
\cftbeforesecskip=\skip52
\cftsecindent=\skip53
\cftsecnumwidth=\skip54
\cftbeforesubsecskip=\skip55
\cftsubsecindent=\skip56
\cftsubsecnumwidth=\skip57
\cftbeforesubsubsecskip=\skip58
\cftsubsubsecindent=\skip59
\cftsubsubsecnumwidth=\skip60
\cftbeforeparaskip=\skip61
\cftparaindent=\skip62
\cftparanumwidth=\skip63
\cftbeforesubparaskip=\skip64
\cftsubparaindent=\skip65
\cftsubparanumwidth=\skip66
\cftbeforeloftitleskip=\skip67
\cftafterloftitleskip=\skip68
\cftbeforefigskip=\skip69
\cftfigindent=\skip70
\cftfignumwidth=\skip71
\c@lofdepth=\count89
\c@lotdepth=\count90
\cftbeforelottitleskip=\skip72
\cftafterlottitleskip=\skip73
\cftbeforetabskip=\skip74
\cfttabindent=\skip75
\cfttabnumwidth=\skip76
)
(/usr/share/texlive/texmf-dist/tex/latex/acronym/acronym.sty
Package: acronym 2015/03/21 v1.41 Support for acronyms (Tobias Oetiker)

(/usr/share/texlive/texmf-dist/tex/latex/bigfoot/suffix.sty
Package: suffix 2006/07/15 1.5a Variant command support
)
(/usr/share/texlive/texmf-dist/tex/generic/xstring/xstring.sty
(/usr/share/texlive/texmf-dist/tex/generic/xstring/xstring.tex
\@xs@message=\write3
\integerpart=\count91
\decimalpart=\count92
)
Package: xstring 2013/10/13  v1.7c  String manipulations (C Tellechea)
)
(/usr/share/texlive/texmf-dist/tex/latex/relsize/relsize.sty
Package: relsize 2013/03/29 ver 4.1
)
\AC@clearlist=\toks15
)
(/usr/share/texlive/texmf-dist/tex/latex/amsfonts/amsfonts.sty
Package: amsfonts 2013/01/14 v3.01 Basic AMSFonts support
\@emptytoks=\toks16
\symAMSa=\mathgroup4
\symAMSb=\mathgroup5
LaTeX Font Info:    Overwriting math alphabet `\mathfrak' in version `bold'
(Font)                  U/euf/m/n --> U/euf/b/n on input line 106.
)
(/usr/share/texlive/texmf-dist/tex/latex/amsmath/amsmath.sty
Package: amsmath 2016/06/28 v2.15d AMS math features
\@mathmargin=\skip77

For additional information on amsmath, use the `?' option.
(/usr/share/texlive/texmf-dist/tex/latex/amsmath/amstext.sty
Package: amstext 2000/06/29 v2.01 AMS text

(/usr/share/texlive/texmf-dist/tex/latex/amsmath/amsgen.sty
File: amsgen.sty 1999/11/30 v2.0 generic functions
\@emptytoks=\toks17
\ex@=\dimen105
))
(/usr/share/texlive/texmf-dist/tex/latex/amsmath/amsbsy.sty
Package: amsbsy 1999/11/29 v1.2d Bold Symbols
\pmbraise@=\dimen106
)
(/usr/share/texlive/texmf-dist/tex/latex/amsmath/amsopn.sty
Package: amsopn 2016/03/08 v2.02 operator names
)
\inf@bad=\count93
LaTeX Info: Redefining \frac on input line 199.
\uproot@=\count94
\leftroot@=\count95
LaTeX Info: Redefining \overline on input line 297.
\classnum@=\count96
\DOTSCASE@=\count97
LaTeX Info: Redefining \ldots on input line 394.
LaTeX Info: Redefining \dots on input line 397.
LaTeX Info: Redefining \cdots on input line 518.
\Mathstrutbox@=\box26
\strutbox@=\box27
\big@size=\dimen107
LaTeX Font Info:    Redeclaring font encoding OML on input line 634.
LaTeX Font Info:    Redeclaring font encoding OMS on input line 635.
\macc@depth=\count98
\c@MaxMatrixCols=\count99
\dotsspace@=\muskip10
\c@parentequation=\count100
\dspbrk@lvl=\count101
\tag@help=\toks18
\row@=\count102
\column@=\count103
\maxfields@=\count104
\andhelp@=\toks19
\eqnshift@=\dimen108
\alignsep@=\dimen109
\tagshift@=\dimen110
\tagwidth@=\dimen111
\totwidth@=\dimen112
\lineht@=\dimen113
\@envbody=\toks20
\multlinegap=\skip78
\multlinetaggap=\skip79
\mathdisplay@stack=\toks21
LaTeX Info: Redefining \[ on input line 2739.
LaTeX Info: Redefining \] on input line 2740.
)
(./atlasphysics.sty
\hrs=\count105
\minu=\count106
\temptime=\count107
\boxsqbox=\box28
\boxsize=\dimen114
\dkwidth=\dimen115
) (/usr/share/texlive/texmf-dist/tex/latex/bbold/bbold.sty
Package: bbold 1994/04/06 Bbold symbol package
LaTeX Font Info:    Redeclaring math alphabet \mathbb on input line 42.
)
(/usr/share/texlive/texmf-dist/tex/latex/booktabs/booktabs.sty
Package: booktabs 2016/04/27 v1.618033 publication quality tables
\heavyrulewidth=\dimen116
\lightrulewidth=\dimen117
\cmidrulewidth=\dimen118
\belowrulesep=\dimen119
\belowbottomsep=\dimen120
\aboverulesep=\dimen121
\abovetopsep=\dimen122
\cmidrulesep=\dimen123
\cmidrulekern=\dimen124
\defaultaddspace=\dimen125
\@cmidla=\count108
\@cmidlb=\count109
\@aboverulesep=\dimen126
\@belowrulesep=\dimen127
\@thisruleclass=\count110
\@lastruleclass=\count111
\@thisrulewidth=\dimen128
)
(/usr/share/texlive/texmf-dist/tex/latex/changebar/changebar.sty
Package: changebar 2005/09/18 v3.5c Indicate changes with marginal bars
\cb@nextpoint=\count112
\cb@topleft=\count113
\cb@topright=\count114
\cb@botleft=\count115
\cb@botright=\count116
\cb@cnta=\count117
\cb@cntb=\count118
\cb@dima=\dimen129
\cb@curbarwd=\dimen130
\cb@page=\count119
\cb@pagecount=\count120
\cb@odd@left=\dimen131
\cb@odd@right=\dimen132
\cb@even@left=\dimen133
\cb@even@right=\dimen134
\cb@writexy=\write4
\cb@readxy=\read1
\openout4 = `thesis.cb2'.

\changebarwidth=\skip80
\deletebarwidth=\skip81
\changebarsep=\skip82
\c@changebargrey=\count121

(/usr/share/texlive/texmf-dist/tex/latex/graphics/color.sty
Package: color 2016/05/09 v1.1c Standard LaTeX Color (DPC)

(/usr/share/texlive/texmf-dist/tex/latex/graphics-cfg/color.cfg
File: color.cfg 2016/01/02 v1.6 sample color configuration
)
Package color Info: Driver file: pdftex.def on input line 144.
)
\cb@write=\write5
\cb@read=\read2
\openout5 = `thesis.cb'.

)
(/usr/share/texlive/texmf-dist/tex/latex/fancyhdr/fancyhdr.sty
\fancy@headwidth=\skip83
\f@ncyO@elh=\skip84
\f@ncyO@erh=\skip85
\f@ncyO@olh=\skip86
\f@ncyO@orh=\skip87
\f@ncyO@elf=\skip88
\f@ncyO@erf=\skip89
\f@ncyO@olf=\skip90
\f@ncyO@orf=\skip91
)
(/usr/share/texlive/texmf-dist/tex/latex/hyperref/hyperref.sty
Package: hyperref 2016/05/21 v6.83p Hypertext links for LaTeX

(/usr/share/texlive/texmf-dist/tex/generic/oberdiek/hobsub-hyperref.sty
Package: hobsub-hyperref 2016/05/16 v1.14 Bundle oberdiek, subset hyperref (HO)


(/usr/share/texlive/texmf-dist/tex/generic/oberdiek/hobsub-generic.sty
Package: hobsub-generic 2016/05/16 v1.14 Bundle oberdiek, subset generic (HO)
Package: hobsub 2016/05/16 v1.14 Construct package bundles (HO)
Package hobsub Info: Skipping package `infwarerr' (already loaded).
Package hobsub Info: Skipping package `ltxcmds' (already loaded).
Package: ifluatex 2016/05/16 v1.4 Provides the ifluatex switch (HO)
Package ifluatex Info: LuaTeX not detected.
Package: ifvtex 2016/05/16 v1.6 Detect VTeX and its facilities (HO)
Package ifvtex Info: VTeX not detected.
Package: intcalc 2016/05/16 v1.2 Expandable calculations with integers (HO)
Package: ifpdf 2016/05/14 v3.1 Provides the ifpdf switch
Package: etexcmds 2016/05/16 v1.6 Avoid name clashes with e-TeX commands (HO)
Package etexcmds Info: Could not find \expanded.
(etexcmds)             That can mean that you are not using pdfTeX 1.50 or
(etexcmds)             that some package has redefined \expanded.
(etexcmds)             In the latter case, load this package earlier.
Package: kvsetkeys 2016/05/16 v1.17 Key value parser (HO)
Package: kvdefinekeys 2016/05/16 v1.4 Define keys (HO)
Package: pdftexcmds 2016/05/21 v0.22 Utility functions of pdfTeX for LuaTeX (HO
)
Package pdftexcmds Info: LuaTeX not detected.
Package pdftexcmds Info: \pdf@primitive is available.
Package pdftexcmds Info: \pdf@ifprimitive is available.
Package pdftexcmds Info: \pdfdraftmode found.
Package: pdfescape 2016/05/16 v1.14 Implements pdfTeX's escape features (HO)
Package: bigintcalc 2016/05/16 v1.4 Expandable calculations on big integers (HO
)
Package: bitset 2016/05/16 v1.2 Handle bit-vector datatype (HO)
Package: uniquecounter 2016/05/16 v1.3 Provide unlimited unique counter (HO)
)
Package hobsub Info: Skipping package `hobsub' (already loaded).
Package: letltxmacro 2016/05/16 v1.5 Let assignment for LaTeX macros (HO)
Package: hopatch 2016/05/16 v1.3 Wrapper for package hooks (HO)
Package: xcolor-patch 2016/05/16 xcolor patch
Package: atveryend 2016/05/16 v1.9 Hooks at the very end of document (HO)
Package atveryend Info: \enddocument detected (standard20110627).
Package: atbegshi 2016/06/09 v1.18 At begin shipout hook (HO)
Package: refcount 2016/05/16 v3.5 Data extraction from label references (HO)
Package: hycolor 2016/05/16 v1.8 Color options for hyperref/bookmark (HO)
)
(/usr/share/texlive/texmf-dist/tex/generic/ifxetex/ifxetex.sty
Package: ifxetex 2010/09/12 v0.6 Provides ifxetex conditional
)
(/usr/share/texlive/texmf-dist/tex/latex/oberdiek/auxhook.sty
Package: auxhook 2016/05/16 v1.4 Hooks for auxiliary files (HO)
)
(/usr/share/texlive/texmf-dist/tex/latex/oberdiek/kvoptions.sty
Package: kvoptions 2016/05/16 v3.12 Key value format for package options (HO)
)
\@linkdim=\dimen135
\Hy@linkcounter=\count122
\Hy@pagecounter=\count123

(/usr/share/texlive/texmf-dist/tex/latex/hyperref/pd1enc.def
File: pd1enc.def 2016/05/21 v6.83p Hyperref: PDFDocEncoding definition (HO)
)
\Hy@SavedSpaceFactor=\count124

(/usr/share/texlive/texmf-dist/tex/latex/latexconfig/hyperref.cfg
File: hyperref.cfg 2002/06/06 v1.2 hyperref configuration of TeXLive
)
Package hyperref Info: Hyper figures OFF on input line 4486.
Package hyperref Info: Link nesting OFF on input line 4491.
Package hyperref Info: Hyper index ON on input line 4494.
Package hyperref Info: Plain pages OFF on input line 4501.
Package hyperref Info: Backreferencing OFF on input line 4506.
Package hyperref Info: Implicit mode ON; LaTeX internals redefined.
Package hyperref Info: Bookmarks ON on input line 4735.
\c@Hy@tempcnt=\count125

(/usr/share/texlive/texmf-dist/tex/latex/url/url.sty
\Urlmuskip=\muskip11
Package: url 2013/09/16  ver 3.4  Verb mode for urls, etc.
)
LaTeX Info: Redefining \url on input line 5088.
\XeTeXLinkMargin=\dimen136
\Fld@menulength=\count126
\Field@Width=\dimen137
\Fld@charsize=\dimen138
Package hyperref Info: Hyper figures OFF on input line 6342.
Package hyperref Info: Link nesting OFF on input line 6347.
Package hyperref Info: Hyper index ON on input line 6350.
Package hyperref Info: backreferencing OFF on input line 6357.
Package hyperref Info: Link coloring OFF on input line 6362.
Package hyperref Info: Link coloring with OCG OFF on input line 6367.
Package hyperref Info: PDF/A mode OFF on input line 6372.
LaTeX Info: Redefining \ref on input line 6412.
LaTeX Info: Redefining \pageref on input line 6416.
\Hy@abspage=\count127
\c@Item=\count128
\c@Hfootnote=\count129
)

Package hyperref Message: Driver (autodetected): hpdftex.

(/usr/share/texlive/texmf-dist/tex/latex/hyperref/hpdftex.def
File: hpdftex.def 2016/05/21 v6.83p Hyperref driver for pdfTeX
\Fld@listcount=\count130
\c@bookmark@seq@number=\count131

(/usr/share/texlive/texmf-dist/tex/latex/oberdiek/rerunfilecheck.sty
Package: rerunfilecheck 2016/05/16 v1.8 Rerun checks for auxiliary files (HO)
Package uniquecounter Info: New unique counter `rerunfilecheck' on input line 2
82.
)
\Hy@SectionHShift=\skip92
)
(/usr/share/texlive/texmf-dist/tex/latex/lineno/lineno.sty
Package: lineno 2005/11/02 line numbers on paragraphs v4.41
\linenopenalty=\count132
\output=\toks22
\linenoprevgraf=\count133
\linenumbersep=\dimen139
\linenumberwidth=\dimen140
\c@linenumber=\count134
\c@pagewiselinenumber=\count135
\c@LN@truepage=\count136
\c@internallinenumber=\count137
\c@internallinenumbers=\count138
\quotelinenumbersep=\dimen141
\bframerule=\dimen142
\bframesep=\dimen143
\bframebox=\box29
LaTeX Info: Redefining \\ on input line 3056.
)
(/usr/share/texlive/texmf-dist/tex/latex/jknapltx/mathrsfs.sty
Package: mathrsfs 1996/01/01 Math RSFS package v1.0 (jk)
\symrsfs=\mathgroup6
)
(/usr/share/texlive/texmf-dist/tex/latex/multirow/multirow.sty
\bigstrutjot=\dimen144
)
(/usr/share/texlive/texmf-dist/tex/latex/pdfpages/pdfpages.sty
Package: pdfpages 2016/04/19 v0.5f Insert pages of external PDF documents (AM)

(/usr/share/texlive/texmf-dist/tex/latex/base/ifthen.sty
Package: ifthen 2014/09/29 v1.1c Standard LaTeX ifthen package (DPC)
)
(/usr/share/texlive/texmf-dist/tex/latex/tools/calc.sty
Package: calc 2014/10/28 v4.3 Infix arithmetic (KKT,FJ)
\calc@Acount=\count139
\calc@Bcount=\count140
\calc@Adimen=\dimen145
\calc@Bdimen=\dimen146
\calc@Askip=\skip93
\calc@Bskip=\skip94
LaTeX Info: Redefining \setlength on input line 80.
LaTeX Info: Redefining \addtolength on input line 81.
\calc@Ccount=\count141
\calc@Cskip=\skip95
)
(/usr/share/texlive/texmf-dist/tex/latex/eso-pic/eso-pic.sty
Package: eso-pic 2015/07/21 v2.0g eso-pic (RN)
)
\AM@pagewidth=\dimen147
\AM@pageheight=\dimen148

(/usr/share/texlive/texmf-dist/tex/latex/pdfpages/pppdftex.def
File: pppdftex.def 2016/04/19 v0.5f Pdfpages driver for pdfTeX (AM)
)
\AM@pagebox=\box30
\AM@global@opts=\toks23
\AM@toc@title=\toks24
\c@AM@survey=\count142
\AM@templatesizebox=\box31
)
(/usr/share/texlive/texmf-dist/tex/latex/sectsty/sectsty.sty
Package: sectsty 2002/02/25 v2.0.2 Commands to change all sectional heading sty
les
)
(/usr/share/texlive/texmf-dist/tex/latex/setspace/setspace.sty
Package: setspace 2011/12/19 v6.7a set line spacing
)
(/usr/share/texlive/texmf-dist/tex/latex/type1cm/type1cm.sty
Package: type1cm 2002/09/05 v0.04 BlueSky/Y&Y Type1 CM font definitions (DPC, p
atched RF)
)
(/usr/share/texlive/texmf-dist/tex/generic/ulem/ulem.sty
\UL@box=\box32
\UL@hyphenbox=\box33
\UL@skip=\skip96
\UL@hook=\toks25
\UL@height=\dimen149
\UL@pe=\count143
\UL@pixel=\dimen150
\ULC@box=\box34
Package: ulem 2012/05/18
\ULdepth=\dimen151
)
(/usr/share/texlive/texmf-dist/tex/latex/tools/xspace.sty
Package: xspace 2014/10/28 v1.13 Space after command names (DPC,MH)
)
(/usr/share/texlive/texmf-dist/tex/latex/notoccite/notoccite.sty
Package: notoccite 2000/07/20
)
(./fncychap.sty
Package: fncychap 2007/07/30 v1.34 LaTeX package (Revised chapters)
\RW=\skip97
\mylen=\skip98
\myhi=\skip99
\px=\skip100
\py=\skip101
\pyy=\skip102
\pxx=\skip103
)
(/usr/share/texlive/texmf-dist/tex/latex/caption/subcaption.sty
Package: subcaption 2016/05/22 v1.1-161 Sub-captions (AR)

(/usr/share/texlive/texmf-dist/tex/latex/caption/caption.sty
Package: caption 2016/02/21 v3.3-144 Customizing captions (AR)

(/usr/share/texlive/texmf-dist/tex/latex/caption/caption3.sty
Package: caption3 2016/05/22 v1.7-166 caption3 kernel (AR)
Package caption3 Info: TeX engine: e-TeX on input line 67.
\captionmargin=\dimen152
\captionmargin@=\dimen153
\captionwidth=\dimen154
\caption@tempdima=\dimen155
\caption@indent=\dimen156
\caption@parindent=\dimen157
\caption@hangindent=\dimen158
)
\c@ContinuedFloat=\count144
Package caption Info: hyperref package is loaded.
)
\c@subfigure=\count145
\c@subtable=\count146
)
Package hyperref Info: Option `colorlinks' set `true' on input line 45.
 (./thesis.aux
(./abstract.aux) (./Introduction/introduction.aux)
(./Experiments/experiments.aux) (./Theory/theory.aux)
(./HiggsAnalysis/higgs.aux) (./TopAnalysis/top.aux) (./DECALStudies/decal.aux)
(./Conclusion/content.aux) (./Appendix/appendix.aux))
\openout1 = `thesis.aux'.

LaTeX Font Info:    Checking defaults for OML/cmm/m/it on input line 102.
LaTeX Font Info:    ... okay on input line 102.
LaTeX Font Info:    Checking defaults for T1/cmr/m/n on input line 102.
LaTeX Font Info:    ... okay on input line 102.
LaTeX Font Info:    Checking defaults for OT1/cmr/m/n on input line 102.
LaTeX Font Info:    ... okay on input line 102.
LaTeX Font Info:    Checking defaults for OMS/cmsy/m/n on input line 102.
LaTeX Font Info:    ... okay on input line 102.
LaTeX Font Info:    Checking defaults for OMX/cmex/m/n on input line 102.
LaTeX Font Info:    ... okay on input line 102.
LaTeX Font Info:    Checking defaults for U/cmr/m/n on input line 102.
LaTeX Font Info:    ... okay on input line 102.
LaTeX Font Info:    Checking defaults for PD1/pdf/m/n on input line 102.
LaTeX Font Info:    ... okay on input line 102.

(/usr/share/texlive/texmf-dist/tex/context/base/mkii/supp-pdf.mkii
[Loading MPS to PDF converter (version 2006.09.02).]
\scratchcounter=\count147
\scratchdimen=\dimen159
\scratchbox=\box35
\nofMPsegments=\count148
\nofMParguments=\count149
\everyMPshowfont=\toks26
\MPscratchCnt=\count150
\MPscratchDim=\dimen160
\MPnumerator=\count151
\makeMPintoPDFobject=\count152
\everyMPtoPDFconversion=\toks27
) (/usr/share/texlive/texmf-dist/tex/latex/oberdiek/epstopdf-base.sty
Package: epstopdf-base 2016/05/15 v2.6 Base part for package epstopdf

(/usr/share/texlive/texmf-dist/tex/latex/oberdiek/grfext.sty
Package: grfext 2016/05/16 v1.2 Manage graphics extensions (HO)
)
Package epstopdf-base Info: Redefining graphics rule for `.eps' on input line 4
38.
Package grfext Info: Graphics extension search list:
(grfext)             [.png,.pdf,.jpg,.mps,.jpeg,.jbig2,.jb2,.PNG,.PDF,.JPG,.JPE
G,.JBIG2,.JB2,.eps]
(grfext)             \AppendGraphicsExtensions on input line 456.

(/usr/share/texlive/texmf-dist/tex/latex/latexconfig/epstopdf-sys.cfg
File: epstopdf-sys.cfg 2010/07/13 v1.3 Configuration of (r)epstopdf for TeX Liv
e
))
\AtBeginShipoutBox=\box36
Package hyperref Info: Link coloring ON on input line 102.

(/usr/share/texlive/texmf-dist/tex/latex/hyperref/nameref.sty
Package: nameref 2016/05/21 v2.44 Cross-referencing by name of section

(/usr/share/texlive/texmf-dist/tex/generic/oberdiek/gettitlestring.sty
Package: gettitlestring 2016/05/16 v1.5 Cleanup title references (HO)
)
\c@section@level=\count153
)
LaTeX Info: Redefining \ref on input line 102.
LaTeX Info: Redefining \pageref on input line 102.
LaTeX Info: Redefining \nameref on input line 102.

(./thesis.out) (./thesis.out)
\@outlinefile=\write6
\openout6 = `thesis.out'.


(/usr/share/texlive/texmf-dist/tex/latex/oberdiek/pdflscape.sty
Package: pdflscape 2016/05/14 v0.11 Display of landscape pages in PDF (HO)

(/usr/share/texlive/texmf-dist/tex/latex/graphics/lscape.sty
Package: lscape 2000/10/22 v3.01 Landscape Pages (DPC)
)
Package pdflscape Info: Auto-detected driver: pdftex on input line 81.
)
Package caption Info: Begin \AtBeginDocument code.
Package caption Info: End \AtBeginDocument code.

<fig/crest_2.pdf, id=265, 342.27875pt x 342.27875pt>
File: fig/crest_2.pdf Graphic file (type pdf)
 <use fig/crest_2.pdf>
Package pdftex.def Info: fig/crest_2.pdf used on input line 116.
(pdftex.def)             Requested size: 342.2779pt x 342.2779pt.

[1

{/usr/share/texlive/texmf-dist/fonts/map/pdftex/updmap/pdftex.map} <./fig/crest
_2.pdf>] [2] [3]
\openout2 = `abstract.aux'.

 (./abstract.tex
LaTeX Font Info:    Try loading font information for U+rsfs on input line 3.

(/usr/share/texlive/texmf-dist/tex/latex/jknapltx/ursfs.fd
File: ursfs.fd 1998/03/24 rsfs font definition file (jk)
) [1


] [2


] [3


]
[4

] [5] [6

]) (./thesis.toc [7

])
\tf@toc=\write7
\openout7 = `thesis.toc'.

 [8] (./thesis.lot)
\tf@lot=\write8
\openout8 = `thesis.lot'.

 [9

] (./thesis.lof
Package acronym Info: Label `acro:CLIC' newly defined as it shall be overridden

although it is yet undefined on input line 7.

Overfull \hbox (6.16406pt too wide) in paragraph at lines 26--26
 [][] [][][]\OT1/cmr/m/n/12 Semileptonic de-cay chan-nel for WW$[]$ de-cays of 
Higgs pro-duced through 
 []

[10

])
\tf@lof=\write9
\openout9 = `thesis.lof'.

 [11] (./acronym.tex [12


pdfTeX warning (ext4): destination with the same identifier (name{HL-LHC}) has 
been already used, duplicate ignored

\AtBegShi@Output ...ipout \box \AtBeginShipoutBox 
                                                  \fi \fi 
l.21 \acro{ATLAS}{A Toroidal LHC Apparatus}
                                           ]) [13pdfTeX warning (ext4): destina
tion with the same identifier (name{RF}) has been already used, duplicate ignor
ed

\AtBegShi@Output ...ipout \box \AtBeginShipoutBox 
                                                  \fi \fi 
l.182 \cleardoublepage
                      ] [14

]
\openout2 = `Introduction/introduction.aux'.

 (./Introduction/introduction.tex
Chapter 1.
Package acronym Info: Label `acro:HL-LHC' newly defined as it shall be overridd
en
although it is yet undefined on input line 3.
Package acronym Info: Label `acro:LHC' newly defined as it shall be overridden
although it is yet undefined on input line 3.
Package acronym Info: Label `acro:SM' newly defined as it shall be overridden
although it is yet undefined on input line 3.
Package acronym Info: Label `acro:EM' newly defined as it shall be overridden
although it is yet undefined on input line 3.

Overfull \hbox (1.40886pt too wide) in paragraph at lines 3--4
\OT1/cmr/m/n/12 With the ex-pected shut-down of the [][][]High Lu-mi-nos-ity La
rge Hadron Col-lider ([])[]
 []


Underfull \vbox (badness 10000) has occurred while \output is active []

pdfTeX warning (ext4): destination with the same identifier (name{page.1}) has 
been already used, duplicate ignored
<to be read again> 
                   \relax 
l.4 
     [1


]
Package acronym Info: Label `acro:BSM' newly defined as it shall be overridden
although it is yet undefined on input line 11.
Package acronym Info: Label `acro:QCD' newly defined as it shall be overridden
although it is yet undefined on input line 11.

Underfull \vbox (badness 10000) has occurred while \output is active []

pdfTeX warning (ext4): destination with the same identifier (name{page.2}) has 
been already used, duplicate ignored
<to be read again> 
                   \relax 
l.12 
      [2]
Underfull \vbox (badness 10000) has occurred while \output is active []

pdfTeX warning (ext4): destination with the same identifier (name{page.3}) has 
been already used, duplicate ignored
<to be read again> 
                   \relax 
l.14 
      [3]
Package acronym Info: Label `acro:FCC' newly defined as it shall be overridden
although it is yet undefined on input line 15.
Package acronym Info: Label `acro:CERN' newly defined as it shall be overridden

although it is yet undefined on input line 15.
Package acronym Info: Label `acro:ILC' newly defined as it shall be overridden
although it is yet undefined on input line 15.
Package acronym Info: Label `acro:CMOS' newly defined as it shall be overridden

although it is yet undefined on input line 17.
Package acronym Info: Label `acro:MAPS' newly defined as it shall be overridden

although it is yet undefined on input line 17.
Package acronym Info: Label `acro:ECAL' newly defined as it shall be overridden

although it is yet undefined on input line 17.
) [4]
\openout2 = `Experiments/experiments.aux'.

 (./Experiments/experiments.tex
Chapter 2.
Package acronym Info: Label `acro:ILD' newly defined as it shall be overridden
although it is yet undefined on input line 5.
Package acronym Info: Label `acro:SiD' newly defined as it shall be overridden
although it is yet undefined on input line 5.

Underfull \vbox (badness 10000) has occurred while \output is active []

 [5



]
Package acronym Info: Label `acro:TDR' newly defined as it shall be overridden
although it is yet undefined on input line 9.

<Experiments/fig/ILC.jpg, id=725, 602.0091pt x 356.0502pt>
File: Experiments/fig/ILC.jpg Graphic file (type jpg)

<use Experiments/fig/ILC.jpg>
Package pdftex.def Info: Experiments/fig/ILC.jpg used on input line 13.
(pdftex.def)             Requested size: 384.10959pt x 227.17593pt.
 [6 <./Experiments/fig/ILC.jpg>] [7]
<Experiments/fig/ILC_Simplified.jpg, id=747, 144.54pt x 49.8663pt>
File: Experiments/fig/ILC_Simplified.jpg Graphic file (type jpg)

<use Experiments/fig/ILC_Simplified.jpg>
Package pdftex.def Info: Experiments/fig/ILC_Simplified.jpg used on input line 
36.
(pdftex.def)             Requested size: 384.10959pt x 132.52472pt.
Package acronym Info: Label `acro:RF' newly defined as it shall be overridden
although it is yet undefined on input line 71.
 [8 <./Experiments/fig/ILC_Simplified.jpg>] <Experiments/fig/Cavity.jpg, id=760
, 3129.6925pt x 529.98pt>
File: Experiments/fig/Cavity.jpg Graphic file (type jpg)

<use Experiments/fig/Cavity.jpg>
Package pdftex.def Info: Experiments/fig/Cavity.jpg used on input line 75.
(pdftex.def)             Requested size: 320.05536pt x 54.19795pt.
Package acronym Info: Label `acro:BDS' newly defined as it shall be overridden
although it is yet undefined on input line 80.
Package acronym Info: Label `acro:BS' newly defined as it shall be overridden
although it is yet undefined on input line 80.
 [9 <./Experiments/fig/Cavity.jpg>]
<Experiments/fig/CLIC-layout-3TeV.pdf, id=775, 520.68527pt x 284.52798pt>
File: Experiments/fig/CLIC-layout-3TeV.pdf Graphic file (type pdf)

<use Experiments/fig/CLIC-layout-3TeV.pdf>
Package pdftex.def Info: Experiments/fig/CLIC-layout-3TeV.pdf used on input lin
e 89.
(pdftex.def)             Requested size: 320.10434pt x 174.92072pt.

Overfull \hbox (73.16624pt too wide) in paragraph at lines 98--122
 [][] 
 []

Missing character: There is no ‚ in font cmr12!
Missing character: There is no Ä in font cmr12!
Missing character: There is no ú in font cmr12!
Missing character: There is no ‚ in font cmr12!
Missing character: There is no Ä in font cmr12!
Missing character: There is no ù in font cmr12!
Package acronym Info: Label `acro:CDR' newly defined as it shall be overridden
although it is yet undefined on input line 124.
[10] [11 <./Experiments/fig/CLIC-layout-3TeV.pdf>] [12]
<Experiments/fig/clicSS.png, id=919, 578.16pt x 433.62pt>
File: Experiments/fig/clicSS.png Graphic file (type png)

<use Experiments/fig/clicSS.png>
Package pdftex.def Info: Experiments/fig/clicSS.png used on input line 140.
(pdftex.def)             Requested size: 320.08861pt x 240.06647pt.
 [13] [14 <./Experiments/fig/clicSS.png (PNG copy)>]
Package acronym Info: Label `acro:HCAL' newly defined as it shall be overridden

although it is yet undefined on input line 161.

Underfull \vbox (badness 1436) has occurred while \output is active []

 [15]
[16] <Experiments/fig/ILD.jpg, id=962, 1137.24875pt x 516.93124pt>
File: Experiments/fig/ILD.jpg Graphic file (type jpg)

<use Experiments/fig/ILD.jpg>
Package pdftex.def Info: Experiments/fig/ILD.jpg used on input line 170.
(pdftex.def)             Requested size: 405.45045pt x 184.29669pt.

Underfull \vbox (badness 1199) has occurred while \output is active []

 [17 <./Experiments/fig/ILD.jpg>]
LaTeX Font Info:    Font shape `OMS/cmr/m/n' in size <12> not available
(Font)              Font shape `OMS/cmsy/m/n' tried instead on input line 181.
Package acronym Info: Label `acro:IP' newly defined as it shall be overridden
although it is yet undefined on input line 195.
 [18]
<Experiments/fig/Vertex.pdf, id=989, 597.23125pt x 845.1575pt>
File: Experiments/fig/Vertex.pdf Graphic file (type pdf)

<use Experiments/fig/Vertex.pdf>
Package pdftex.def Info: Experiments/fig/Vertex.pdf used on input line 205.
(pdftex.def)             Requested size: 128.0387pt x 181.18947pt.
Package acronym Info: Label `acro:TPC' newly defined as it shall be overridden
although it is yet undefined on input line 233.

Underfull \vbox (badness 10000) has occurred while \output is active []

 [19]
Underfull \vbox (badness 10000) has occurred while \output is active []

 [20 <./Experiments/fig/Vertex.pdf>]
Package acronym Info: Label `acro:PFA' newly defined as it shall be overridden
although it is yet undefined on input line 235.
Package acronym Info: Label `acro:SIT' newly defined as it shall be overridden
although it is yet undefined on input line 235.
Package acronym Info: Label `acro:SET' newly defined as it shall be overridden
although it is yet undefined on input line 235.
Package acronym Info: Label `acro:FTD' newly defined as it shall be overridden
although it is yet undefined on input line 235.
Package acronym Info: Label `acro:ETD' newly defined as it shall be overridden
although it is yet undefined on input line 235.

<Experiments/fig/SiliconTrackers.jpg, id=1030, 769.87625pt x 623.32875pt>
File: Experiments/fig/SiliconTrackers.jpg Graphic file (type jpg)

<use Experiments/fig/SiliconTrackers.jpg>
Package pdftex.def Info: Experiments/fig/SiliconTrackers.jpg used on input line
 239.
(pdftex.def)             Requested size: 213.39566pt x 172.77129pt.
Package acronym Info: Label `acro:DECAL' newly defined as it shall be overridde
n
although it is yet undefined on input line 249.

Underfull \vbox (badness 10000) has occurred while \output is active []

 [21]
Underfull \vbox (badness 10000) has occurred while \output is active []

 [22 <./Experiments/fig/SiliconTrackers.jpg>]
Underfull \vbox (badness 10000) has occurred while \output is active []

 [23]
Underfull \vbox (badness 10000) has occurred while \output is active []

 [24]
Underfull \vbox (badness 10000) has occurred while \output is active []

 [25]
<Experiments/fig/ECALview_global_annot.png, id=1091, 610.53094pt x 469.755pt>
File: Experiments/fig/ECALview_global_annot.png Graphic file (type png)

<use Experiments/fig/ECALview_global_annot.png>
Package pdftex.def Info: Experiments/fig/ECALview_global_annot.png used on inpu
t line 304.
(pdftex.def)             Requested size: 203.38559pt x 156.49014pt.

<Experiments/fig/ECALview_module_annot.png, id=1092, 704.3916pt x 463.4916pt>
File: Experiments/fig/ECALview_module_annot.png Graphic file (type png)

<use Experiments/fig/ECALview_module_annot.png>
Package pdftex.def Info: Experiments/fig/ECALview_module_annot.png used on inpu
t line 305.
(pdftex.def)             Requested size: 237.82402pt x 156.49014pt.

Overfull \hbox (38.41827pt too wide) in paragraph at lines 303--307
 [][] 
 []


LaTeX Warning: `h' float specifier changed to `ht'.


Underfull \vbox (badness 10000) has occurred while \output is active []

 [26]
<Experiments/fig/DHCALview_global.png, id=1107, 608.2725pt x 468.24937pt>
File: Experiments/fig/DHCALview_global.png Graphic file (type png)

<use Experiments/fig/DHCALview_global.png>
Package pdftex.def Info: Experiments/fig/DHCALview_global.png used on input lin
e 318.
(pdftex.def)             Requested size: 203.29224pt x 156.49014pt.

<Experiments/fig/DHCALview_module.png, id=1108, 723.45282pt x 486.31688pt>
File: Experiments/fig/DHCALview_module.png Graphic file (type png)

<use Experiments/fig/DHCALview_module.png>
Package pdftex.def Info: Experiments/fig/DHCALview_module.png used on input lin
e 319.
(pdftex.def)             Requested size: 232.79016pt x 156.49014pt.

Overfull \hbox (33.29106pt too wide) in paragraph at lines 317--321
 [][] 
 []

[27 <./Experiments/fig/ECALview_global_annot.png> <./Experiments/fig/ECALview_m
odule_annot.png> <./Experiments/fig/DHCALview_global.png> <./Experiments/fig/DH
CALview_module.png>] [28]) [29]
\openout2 = `Theory/theory.aux'.

 (./Theory/theory.tex
Chapter 3.
[30



] [31]
Underfull \vbox (badness 10000) has occurred while \output is active []

 [32]
Underfull \vbox (badness 10000) has occurred while \output is active []

 [33]
Underfull \vbox (badness 3803) has occurred while \output is active []

 [34]
Underfull \vbox (badness 10000) has occurred while \output is active []

 [35]
<Theory/fig/HiggsProcessesExtra.png, id=1211, 763.653pt x 422.0568pt>
File: Theory/fig/HiggsProcessesExtra.png Graphic file (type png)

<use Theory/fig/HiggsProcessesExtra.png>
Package pdftex.def Info: Theory/fig/HiggsProcessesExtra.png used on input line 
139.
(pdftex.def)             Requested size: 405.45045pt x 224.08832pt.
 [36 <./Theory/fig/HiggsProcessesExtra.png>] <Theory/fig/HiggsStrahlung.png, id
=1224, 722.7pt x 542.025pt>
File: Theory/fig/HiggsStrahlung.png Graphic file (type png)

<use Theory/fig/HiggsStrahlung.png>
Package pdftex.def Info: Theory/fig/HiggsStrahlung.png used on input line 150.
(pdftex.def)             Requested size: 192.0548pt x 144.0412pt.
 [37 <./Theory/fig/HiggsStrahlung.png (PNG copy)>]
<Theory/fig/350GeV_Recoil_mumuX_MrecoilFit.pdf, id=1231, 569.12625pt x 553.0662
5pt>
File: Theory/fig/350GeV_Recoil_mumuX_MrecoilFit.pdf Graphic file (type pdf)
 <use Theory/fig/350GeV_Recoil_mumuX_MrecoilFit.pdf>
Package pdftex.def Info: Theory/fig/350GeV_Recoil_mumuX_MrecoilFit.pdf used on 
input line 160.
(pdftex.def)             Requested size: 192.0548pt x 186.63914pt.
 [38 <./Theory/fig/350GeV_Recoil_mumuX_MrecoilFit.pdf, page is rotated 90 degre
es>]
Underfull \vbox (badness 10000) has occurred while \output is active []

 [39]
<Theory/fig/table28_350GeVPrecisions.png, id=1298, 534.99202pt x 348.25409pt>
File: Theory/fig/table28_350GeVPrecisions.png Graphic file (type png)

<use Theory/fig/table28_350GeVPrecisions.png>
Package pdftex.def Info: Theory/fig/table28_350GeVPrecisions.png used on input 
line 199.
(pdftex.def)             Requested size: 298.75262pt x 194.47893pt.

<Theory/fig/table29_HighEPrecisions.png, id=1301, 460.91077pt x 341.64pt>
File: Theory/fig/table29_HighEPrecisions.png Graphic file (type png)

<use Theory/fig/table29_HighEPrecisions.png>
Package pdftex.def Info: Theory/fig/table29_HighEPrecisions.png used on input l
ine 206.
(pdftex.def)             Requested size: 298.75262pt x 221.44301pt.

<Theory/fig/FitResultsMI.pdf, id=1304, 569.12625pt x 553.06625pt>
File: Theory/fig/FitResultsMI.pdf Graphic file (type pdf)

<use Theory/fig/FitResultsMI.pdf>
Package pdftex.def Info: Theory/fig/FitResultsMI.pdf used on input line 215.
(pdftex.def)             Requested size: 170.71393pt x 165.89583pt.

<Theory/fig/CouplingvsMassMI.pdf, id=1305, 569.12625pt x 553.06625pt>
File: Theory/fig/CouplingvsMassMI.pdf Graphic file (type pdf)

<use Theory/fig/CouplingvsMassMI.pdf>
Package pdftex.def Info: Theory/fig/CouplingvsMassMI.pdf used on input line 219
.
(pdftex.def)             Requested size: 170.71393pt x 165.89583pt.

<Theory/fig/FitResultsMD.pdf, id=1308, 569.12625pt x 553.06625pt>
File: Theory/fig/FitResultsMD.pdf Graphic file (type pdf)

<use Theory/fig/FitResultsMD.pdf>
Package pdftex.def Info: Theory/fig/FitResultsMD.pdf used on input line 227.
(pdftex.def)             Requested size: 192.0548pt x 186.63914pt.

<Theory/fig/MuSnowmass3000.pdf, id=1311, 569.12625pt x 408.52625pt>
File: Theory/fig/MuSnowmass3000.pdf Graphic file (type pdf)

<use Theory/fig/MuSnowmass3000.pdf>
Package pdftex.def Info: Theory/fig/MuSnowmass3000.pdf used on input line 234.
(pdftex.def)             Requested size: 213.39566pt x 153.17827pt.
Package acronym Info: Label `acro:CMS' newly defined as it shall be overridden
although it is yet undefined on input line 235.

Underfull \vbox (badness 10000) has occurred while \output is active []

 [40 <./Theory/fig/table28_350GeVPrecisions.png>] [41 <./Theory/fig/table29_Hig
hEPrecisions.png> <./Theory/fig/FitResultsMI.pdf, page is rotated 90 degrees> <
./Theory/fig/CouplingvsMassMI.pdf, page is rotated 90 degrees>] [42 <./Theory/f
ig/FitResultsMD.pdf, page is rotated 90 degrees> <./Theory/fig/MuSnowmass3000.p
df, page is rotated 90 degrees>] [43]
<Theory/fig/ttFeynmann.png, id=1531, 397.485pt x 373.395pt>
File: Theory/fig/ttFeynmann.png Graphic file (type png)

<use Theory/fig/ttFeynmann.png>
Package pdftex.def Info: Theory/fig/ttFeynmann.png used on input line 271.
(pdftex.def)             Requested size: 149.37956pt x 140.33044pt.

Underfull \vbox (badness 2799) has occurred while \output is active []

 [44 <./Theory/fig/ttFeynmann.png>]
Underfull \vbox (badness 10000) has occurred while \output is active []

 [45]
<Theory/fig/FormFactorsTopCLIC380.pdf, id=1556, 569.12625pt x 695.59875pt>
File: Theory/fig/FormFactorsTopCLIC380.pdf Graphic file (type pdf)

<use Theory/fig/FormFactorsTopCLIC380.pdf>
Package pdftex.def Info: Theory/fig/FormFactorsTopCLIC380.pdf used on input lin
e 325.
(pdftex.def)             Requested size: 192.0548pt x 234.73853pt.
)
Underfull \vbox (badness 10000) has occurred while \output is active []

 [46 <./Theory/fig/FormFactorsTopCLIC380.pdf>] [47]
\openout2 = `HiggsAnalysis/higgs.aux'.

 (./HiggsAnalysis/higgs.tex
Chapter 4.

Package hyperref Warning: Token not allowed in a PDF string (PDFDocEncoding):
(hyperref)                removing `math shift' on input line 1.


Package hyperref Warning: Token not allowed in a PDF string (PDFDocEncoding):
(hyperref)                removing `superscript' on input line 1.


Package hyperref Warning: Token not allowed in a PDF string (PDFDocEncoding):
(hyperref)                removing `math shift' on input line 1.

<Theory/fig/HiggsCrossSections.png, id=1618, 569.12625pt x 478.78876pt>
File: Theory/fig/HiggsCrossSections.png Graphic file (type png)

<use Theory/fig/HiggsCrossSections.png>
Package pdftex.def Info: Theory/fig/HiggsCrossSections.png used on input line 6
.
(pdftex.def)             Requested size: 298.75262pt x 251.33864pt.

Underfull \vbox (badness 10000) has occurred while \output is active []

 [48



]
<Experiments/fig/feynmann.png, id=1630, 602.25pt x 411.5375pt>
File: Experiments/fig/feynmann.png Graphic file (type png)

<use Experiments/fig/feynmann.png>
Package pdftex.def Info: Experiments/fig/feynmann.png used on input line 27.
(pdftex.def)             Requested size: 298.75262pt x 204.1544pt.

Underfull \vbox (badness 10000) has occurred while \output is active []

 [49 <./Theory/fig/HiggsCrossSections.png (PNG copy)>]
Underfull \vbox (badness 10000) has occurred while \output is active []

 [50 <./Experiments/fig/feynmann.png>]
Overfull \hbox (29.78966pt too wide) in paragraph at lines 39--64
 [][] 
 []


Underfull \vbox (badness 10000) has occurred while \output is active []

 [51]
<HiggsAnalysis/figures/EByP.pdf, id=1658, 569.12625pt x 480.79625pt>
File: HiggsAnalysis/figures/EByP.pdf Graphic file (type pdf)

<use HiggsAnalysis/figures/EByP.pdf>
Package pdftex.def Info: HiggsAnalysis/figures/EByP.pdf used on input line 82.
(pdftex.def)             Requested size: 213.39566pt x 180.27612pt.

<HiggsAnalysis/figures/ECALByE.pdf, id=1659, 569.12625pt x 480.79625pt>
File: HiggsAnalysis/figures/ECALByE.pdf Graphic file (type pdf)

<use HiggsAnalysis/figures/ECALByE.pdf>
Package pdftex.def Info: HiggsAnalysis/figures/ECALByE.pdf used on input line 8
7.
(pdftex.def)             Requested size: 213.39566pt x 180.27612pt.

Underfull \vbox (badness 7099) has occurred while \output is active []

 [52 <./HiggsAnalysis/figures/EByP.pdf, page is rotated 90 degrees> <./HiggsAna
lysis/figures/ECALByE.pdf, page is rotated 90 degrees>]
<HiggsAnalysis/figures/HiggsJetOptimization.pdf, id=1752, 569.12625pt x 480.796
25pt>
File: HiggsAnalysis/figures/HiggsJetOptimization.pdf Graphic file (type pdf)
 <use HiggsAnalysis/figures/HiggsJetOptimization.pdf>
Package pdftex.def Info: HiggsAnalysis/figures/HiggsJetOptimization.pdf used on
 input line 103.
(pdftex.def)             Requested size: 298.75262pt x 252.39246pt.

<HiggsAnalysis/figures/CheatHiggs04.pdf, id=1753, 569.12625pt x 480.79625pt>
File: HiggsAnalysis/figures/CheatHiggs04.pdf Graphic file (type pdf)

<use HiggsAnalysis/figures/CheatHiggs04.pdf>
Package pdftex.def Info: HiggsAnalysis/figures/CheatHiggs04.pdf used on input l
ine 110.
(pdftex.def)             Requested size: 298.75262pt x 252.39246pt.

<HiggsAnalysis/figures/PseudoHiggs.pdf, id=1754, 569.12625pt x 480.79625pt>
File: HiggsAnalysis/figures/PseudoHiggs.pdf Graphic file (type pdf)

<use HiggsAnalysis/figures/PseudoHiggs.pdf>
Package pdftex.def Info: HiggsAnalysis/figures/PseudoHiggs.pdf used on input li
ne 117.
(pdftex.def)             Requested size: 298.75262pt x 252.39246pt.
 [53] [54 <./HiggsAnalysis/figures/HiggsJetOptimization.pdf, page is rotated 90
 degrees> <./HiggsAnalysis/figures/CheatHiggs04.pdf, page is rotated 90 degrees
>] [55 <./HiggsAnalysis/figures/PseudoHiggs.pdf, page is rotated 90 degrees>]
<HiggsAnalysis/figures/updatedpurityvsefficiency.pdf, id=1905, 569.12625pt x 48
0.79625pt>
File: HiggsAnalysis/figures/updatedpurityvsefficiency.pdf Graphic file (type pd
f)
 <use HiggsAnalysis/figures/updatedpurityvsefficiency.pdf>
Package pdftex.def Info: HiggsAnalysis/figures/updatedpurityvsefficiency.pdf us
ed on input line 147.
(pdftex.def)             Requested size: 332.89671pt x 281.23898pt.
 [56 <./HiggsAnalysis/figures/updatedpurityvsefficiency.pdf, page is rotated 90
 degrees>]
<HiggsAnalysis/figures/PseudoHiggs_PreSelection.pdf, id=1957, 569.12625pt x 480
.79625pt>
File: HiggsAnalysis/figures/PseudoHiggs_PreSelection.pdf Graphic file (type pdf
)
 <use HiggsAnalysis/figures/PseudoHiggs_PreSelection.pdf>
Package pdftex.def Info: HiggsAnalysis/figures/PseudoHiggs_PreSelection.pdf use
d on input line 170.
(pdftex.def)             Requested size: 332.89671pt x 281.23898pt.

<HiggsAnalysis/figures/EWqq_PreSelection.pdf, id=1958, 569.12625pt x 480.79625p
t>
File: HiggsAnalysis/figures/EWqq_PreSelection.pdf Graphic file (type pdf)
 <use HiggsAnalysis/figures/EWqq_PreSelection.pdf>
Package pdftex.def Info: HiggsAnalysis/figures/EWqq_PreSelection.pdf used on in
put line 177.
(pdftex.def)             Requested size: 332.89671pt x 281.23898pt.

<HiggsAnalysis/figures/nLep_PreSelection.pdf, id=1959, 569.12625pt x 480.79625p
t>
File: HiggsAnalysis/figures/nLep_PreSelection.pdf Graphic file (type pdf)
 <use HiggsAnalysis/figures/nLep_PreSelection.pdf>
Package pdftex.def Info: HiggsAnalysis/figures/nLep_PreSelection.pdf used on in
put line 185.
(pdftex.def)             Requested size: 332.89671pt x 281.23898pt.

<HiggsAnalysis/figures/EMissing_PreSelection.pdf, id=1960, 569.12625pt x 480.79
625pt>
File: HiggsAnalysis/figures/EMissing_PreSelection.pdf Graphic file (type pdf)
 <use HiggsAnalysis/figures/EMissing_PreSelection.pdf>
Package pdftex.def Info: HiggsAnalysis/figures/EMissing_PreSelection.pdf used o
n input line 192.
(pdftex.def)             Requested size: 332.89671pt x 281.23898pt.

<HiggsAnalysis/figures/EMissing_PreSelection_alt.pdf, id=1961, 569.12625pt x 48
0.79625pt>
File: HiggsAnalysis/figures/EMissing_PreSelection_alt.pdf Graphic file (type pd
f)
 <use HiggsAnalysis/figures/EMissing_PreSelection_alt.pdf>
Package pdftex.def Info: HiggsAnalysis/figures/EMissing_PreSelection_alt.pdf us
ed on input line 199.
(pdftex.def)             Requested size: 332.89671pt x 281.23898pt.

<HiggsAnalysis/figures/MWqq_PreSelection.pdf, id=1962, 569.12625pt x 480.79625p
t>
File: HiggsAnalysis/figures/MWqq_PreSelection.pdf Graphic file (type pdf)
 <use HiggsAnalysis/figures/MWqq_PreSelection.pdf>
Package pdftex.def Info: HiggsAnalysis/figures/MWqq_PreSelection.pdf used on in
put line 206.
(pdftex.def)             Requested size: 332.89671pt x 281.23898pt.
 [57]

pdfTeX warning: pdflatex (file ./HiggsAnalysis/figures/decisiontree.pdf): PDF i
nclusion: found PDF version <1.7>, but at most version <1.5> allowed
<HiggsAnalysis/figures/decisiontree.pdf, id=1975, 963.6pt x 542.025pt>
File: HiggsAnalysis/figures/decisiontree.pdf Graphic file (type pdf)

<use HiggsAnalysis/figures/decisiontree.pdf>
Package pdftex.def Info: HiggsAnalysis/figures/decisiontree.pdf used on input l
ine 251.
(pdftex.def)             Requested size: 332.89671pt x 187.24693pt.
Package acronym Info: Label `acro:BDT' newly defined as it shall be overridden
although it is yet undefined on input line 256.
 [58 <./HiggsAnalysis/figures/PseudoHiggs_PreSelection.pdf, page is rotated 90 
degrees>] [59 <./HiggsAnalysis/figures/EWqq_PreSelection.pdf, page is rotated 9
0 degrees>] [60 <./HiggsAnalysis/figures/nLep_PreSelection.pdf, page is rotated
 90 degrees> <./HiggsAnalysis/figures/EMissing_PreSelection.pdf, page is rotate
d 90 degrees>] [61 <./HiggsAnalysis/figures/EMissing_PreSelection_alt.pdf, page
 is rotated 90 degrees> <./HiggsAnalysis/figures/MWqq_PreSelection.pdf, page is
 rotated 90 degrees>] [62 <./HiggsAnalysis/figures/decisiontree.pdf>]
Underfull \vbox (badness 10000) has occurred while \output is active []

 [63]
<HiggsAnalysis/figures/bdtscore.pdf, id=2281, 569.12625pt x 480.79625pt>
File: HiggsAnalysis/figures/bdtscore.pdf Graphic file (type pdf)

<use HiggsAnalysis/figures/bdtscore.pdf>
Package pdftex.def Info: HiggsAnalysis/figures/bdtscore.pdf used on input line 
262.
(pdftex.def)             Requested size: 332.89671pt x 281.23898pt.

Underfull \vbox (badness 10000) has occurred while \output is active []

 [64 <./HiggsAnalysis/figures/bdtscore.pdf, page is rotated 90 degrees>]
Underfull \vbox (badness 10000) has occurred while \output is active []

 [65]
Overfull \hbox (30.64197pt too wide) in paragraph at lines 278--307
 [][] 
 []

[66]
Underfull \vbox (badness 10000) has occurred while \output is active []

 [67]
[68] [69]) [70]
\openout2 = `TopAnalysis/top.aux'.

 (./TopAnalysis/top.tex
Chapter 5.
<TopAnalysis/figures/TopFeynmann.jpg, id=2364, 163.812pt x 109.3686pt>
File: TopAnalysis/figures/TopFeynmann.jpg Graphic file (type jpg)

<use TopAnalysis/figures/TopFeynmann.jpg>
Package pdftex.def Info: TopAnalysis/figures/TopFeynmann.jpg used on input line
 7.
(pdftex.def)             Requested size: 213.39566pt x 142.48453pt.
Package acronym Info: Label `acro:LEP' newly defined as it shall be overridden
although it is yet undefined on input line 14.

Underfull \vbox (badness 10000) has occurred while \output is active []

 [71



 <./TopAnalysis/figures/TopFeynmann.jpg>]
Underfull \vbox (badness 2418) has occurred while \output is active []

 [72]
<TopAnalysis/figures/dummy.png, id=2387, 208.78pt x 243.91125pt>
File: TopAnalysis/figures/dummy.png Graphic file (type png)

<use TopAnalysis/figures/dummy.png>
Package pdftex.def Info: TopAnalysis/figures/dummy.png used on input line 49.
(pdftex.def)             Requested size: 213.39566pt x 249.31839pt.

Overfull \hbox (5.98888pt too wide) in paragraph at lines 56--79
 [][] 
 []


Overfull \hbox (5.98888pt too wide) in paragraph at lines 85--108
 [][] 
 []

Package acronym Info: Label `acro:ISR' newly defined as it shall be overridden
although it is yet undefined on input line 114.

Package acronym Warning: Acronym `ISR' is not defined on input line 114.


Package acronym Warning: Acronym `ISR' is not defined on input line 114.


Underfull \vbox (badness 10000) has occurred while \output is active []

 [73]
[74 <./TopAnalysis/figures/dummy.png>] [75]
<TopAnalysis/figures/NetEfficiencys.png, id=2406, 698.61pt x 473.77pt>
File: TopAnalysis/figures/NetEfficiencys.png Graphic file (type png)

<use TopAnalysis/figures/NetEfficiencys.png>
Package pdftex.def Info: TopAnalysis/figures/NetEfficiencys.png used on input l
ine 124.
(pdftex.def)             Requested size: 256.0774pt x 173.65837pt.

Underfull \vbox (badness 10000) has occurred while \output is active []

 [76 <./TopAnalysis/figures/NetEfficiencys.png>]
<TopAnalysis/figures/ElectronEfficiencys.png, id=2412, 698.61pt x 473.77pt>
File: TopAnalysis/figures/ElectronEfficiencys.png Graphic file (type png)

<use TopAnalysis/figures/ElectronEfficiencys.png>
Package pdftex.def Info: TopAnalysis/figures/ElectronEfficiencys.png used on in
put line 135.
(pdftex.def)             Requested size: 192.05478pt x 130.24016pt.

<TopAnalysis/figures/MuonEfficiencys.png, id=2413, 698.61pt x 473.77pt>
File: TopAnalysis/figures/MuonEfficiencys.png Graphic file (type png)

<use TopAnalysis/figures/MuonEfficiencys.png>
Package pdftex.def Info: TopAnalysis/figures/MuonEfficiencys.png used on input 
line 141.
(pdftex.def)             Requested size: 192.05478pt x 130.24016pt.

Underfull \vbox (badness 10000) has occurred while \output is active []

 [77 <./TopAnalysis/figures/ElectronEfficiencys.png> <./TopAnalysis/figures/Muo
nEfficiencys.png>]
<TopAnalysis/figures/MomentumVsTheta.png, id=2421, 536.0025pt x 320.19624pt>
File: TopAnalysis/figures/MomentumVsTheta.png Graphic file (type png)

<use TopAnalysis/figures/MomentumVsTheta.png>
Package pdftex.def Info: TopAnalysis/figures/MomentumVsTheta.png used on input 
line 153.
(pdftex.def)             Requested size: 256.0774pt x 152.97423pt.

<TopAnalysis/figures/MuonEfficiency_Higgs.png, id=2422, 698.61pt x 473.77pt>
File: TopAnalysis/figures/MuonEfficiency_Higgs.png Graphic file (type png)

<use TopAnalysis/figures/MuonEfficiency_Higgs.png>
Package pdftex.def Info: TopAnalysis/figures/MuonEfficiency_Higgs.png used on i
nput line 160.
(pdftex.def)             Requested size: 256.0774pt x 173.65837pt.

<TopAnalysis/figures/ElectronEfficiencys_20GeVCut.png, id=2423, 698.61pt x 473.
77pt>
File: TopAnalysis/figures/ElectronEfficiencys_20GeVCut.png Graphic file (type p
ng)
 <use TopAnalysis/figures/ElectronEfficiencys_20GeVCut.png>
Package pdftex.def Info: TopAnalysis/figures/ElectronEfficiencys_20GeVCut.png u
sed on input line 169.
(pdftex.def)             Requested size: 192.05478pt x 130.24016pt.

<TopAnalysis/figures/MuonEfficiencys_20GeVMCCut.png, id=2424, 698.61pt x 473.77
pt>
File: TopAnalysis/figures/MuonEfficiencys_20GeVMCCut.png Graphic file (type png
)
 <use TopAnalysis/figures/MuonEfficiencys_20GeVMCCut.png>
Package pdftex.def Info: TopAnalysis/figures/MuonEfficiencys_20GeVMCCut.png use
d on input line 174.
(pdftex.def)             Requested size: 192.05478pt x 130.24016pt.

<TopAnalysis/figures/WBCollinearity.png, id=2425, 536.0025pt x 320.19624pt>
File: TopAnalysis/figures/WBCollinearity.png Graphic file (type png)

<use TopAnalysis/figures/WBCollinearity.png>
Package pdftex.def Info: TopAnalysis/figures/WBCollinearity.png used on input l
ine 186.
(pdftex.def)             Requested size: 256.0774pt x 152.97423pt.
 [78 <./TopAnalysis/figures/MomentumVsTheta.png> <./TopAnalysis/figures/MuonEff
iciency_Higgs.png>] [79 <./TopAnalysis/figures/ElectronEfficiencys_20GeVCut.png
> <./TopAnalysis/figures/MuonEfficiencys_20GeVMCCut.png> <./TopAnalysis/figures
/WBCollinearity.png>]
<TopAnalysis/figures/distance_ratio_vlc.pdf, id=2442, 569.12625pt x 544.0325pt>
File: TopAnalysis/figures/distance_ratio_vlc.pdf Graphic file (type pdf)
<use TopAnalysis/figures/distance_ratio_vlc.pdf>
Package pdftex.def Info: TopAnalysis/figures/distance_ratio_vlc.pdf used on inp
ut line 204.
(pdftex.def)             Requested size: 256.0774pt x 244.79576pt.

Underfull \vbox (badness 10000) has occurred while \output is active []

 [80]
<TopAnalysis/figures/ComparisonKt.png, id=2457, 698.61pt x 473.77pt>
File: TopAnalysis/figures/ComparisonKt.png Graphic file (type png)

<use TopAnalysis/figures/ComparisonKt.png>
Package pdftex.def Info: TopAnalysis/figures/ComparisonKt.png used on input lin
e 215.
(pdftex.def)             Requested size: 192.05478pt x 130.24016pt.

<TopAnalysis/figures/ComparisonVLC.png, id=2458, 698.61pt x 473.77pt>
File: TopAnalysis/figures/ComparisonVLC.png Graphic file (type png)

<use TopAnalysis/figures/ComparisonVLC.png>
Package pdftex.def Info: TopAnalysis/figures/ComparisonVLC.png used on input li
ne 219.
(pdftex.def)             Requested size: 192.05478pt x 130.24016pt.

Underfull \vbox (badness 10000) has occurred while \output is active []

 [81 <./TopAnalysis/figures/distance_ratio_vlc.pdf, page is rotated 90 degrees>
]
<TopAnalysis/figures/TopMass_EOver1200.png, id=2506, 698.61pt x 473.77pt>
File: TopAnalysis/figures/TopMass_EOver1200.png Graphic file (type png)

<use TopAnalysis/figures/TopMass_EOver1200.png>
Package pdftex.def Info: TopAnalysis/figures/TopMass_EOver1200.png used on inpu
t line 229.
(pdftex.def)             Requested size: 298.75262pt x 202.60384pt.

<TopAnalysis/figures/CosThetaRecoVsMC.png, id=2507, 700.6175pt x 475.7775pt>
File: TopAnalysis/figures/CosThetaRecoVsMC.png Graphic file (type png)

<use TopAnalysis/figures/CosThetaRecoVsMC.png>
Package pdftex.def Info: TopAnalysis/figures/CosThetaRecoVsMC.png used on input
 line 239.
(pdftex.def)             Requested size: 298.75262pt x 202.88155pt.

<TopAnalysis/figures/TopMassDiagonal.png, id=2508, 536.0025pt x 320.19624pt>
File: TopAnalysis/figures/TopMassDiagonal.png Graphic file (type png)

<use TopAnalysis/figures/TopMassDiagonal.png>
Package pdftex.def Info: TopAnalysis/figures/TopMassDiagonal.png used on input 
line 248.
(pdftex.def)             Requested size: 192.05478pt x 114.72823pt.

<TopAnalysis/figures/TopMassOffDiagonal.png, id=2511, 536.0025pt x 320.19624pt>
File: TopAnalysis/figures/TopMassOffDiagonal.png Graphic file (type png)
<use TopAnalysis/figures/TopMassOffDiagonal.png>
Package pdftex.def Info: TopAnalysis/figures/TopMassOffDiagonal.png used on inp
ut line 253.
(pdftex.def)             Requested size: 192.05478pt x 114.72823pt.
 [82 <./TopAnalysis/figures/ComparisonKt.png> <./TopAnalysis/figures/Comparison
VLC.png>] [83 <./TopAnalysis/figures/TopMass_EOver1200.png> <./TopAnalysis/figu
res/CosThetaRecoVsMC.png>]
<TopAnalysis/figures/CosThetaRecoVsMC_NotNextToLepTop.png, id=2530, 700.6175pt 
x 475.7775pt>
File: TopAnalysis/figures/CosThetaRecoVsMC_NotNextToLepTop.png Graphic file (ty
pe png)
 <use TopAnalysis/figures/CosThetaRecoVsMC_NotNextToLepTop.png>
Package pdftex.def Info: TopAnalysis/figures/CosThetaRecoVsMC_NotNextToLepTop.p
ng used on input line 267.
(pdftex.def)             Requested size: 192.05478pt x 130.42177pt.

Underfull \hbox (badness 1112) in paragraph at lines 268--268
[]\OT1/cmr/m/n/10.95 (a) |Cut placed on an-gle be-tween re-con-
 []


<TopAnalysis/figures/CosThetaRecoVsMC_MCTopsWellSeparated.png, id=2531, 700.617
5pt x 475.7775pt>
File: TopAnalysis/figures/CosThetaRecoVsMC_MCTopsWellSeparated.png Graphic file
 (type png)

<use TopAnalysis/figures/CosThetaRecoVsMC_MCTopsWellSeparated.png>
Package pdftex.def Info: TopAnalysis/figures/CosThetaRecoVsMC_MCTopsWellSeparat
ed.png used on input line 273.
(pdftex.def)             Requested size: 192.05478pt x 130.42177pt.

Overfull \hbox (68.86124pt too wide) in paragraph at lines 287--306
 [][] 
 []


Underfull \vbox (badness 3000) has occurred while \output is active []

 [84 <./TopAnalysis/figures/TopMassDiagonal.png> <./TopAnalysis/figures/TopMass
OffDiagonal.png>]
Underfull \vbox (badness 10000) has occurred while \output is active []

 [85 <./TopAnalysis/figures/CosThetaRecoVsMC_NotNextToLepTop.png> <./TopAnalysi
s/figures/CosThetaRecoVsMC_MCTopsWellSeparated.png>] [86]
<TopAnalysis/figures/comparejetmethods.png, id=2554, 698.61pt x 473.77pt>
File: TopAnalysis/figures/comparejetmethods.png Graphic file (type png)

<use TopAnalysis/figures/comparejetmethods.png>
Package pdftex.def Info: TopAnalysis/figures/comparejetmethods.png used on inpu
t line 314.
(pdftex.def)             Requested size: 256.0774pt x 173.65837pt.

<TopAnalysis/figures/MeanThetaDiff.png, id=2556, 698.61pt x 473.77pt>
File: TopAnalysis/figures/MeanThetaDiff.png Graphic file (type png)

<use TopAnalysis/figures/MeanThetaDiff.png>
Package pdftex.def Info: TopAnalysis/figures/MeanThetaDiff.png used on input li
ne 325.
(pdftex.def)             Requested size: 192.05478pt x 130.24016pt.

<TopAnalysis/figures/WidthThetaDiff.png, id=2557, 698.61pt x 473.77pt>
File: TopAnalysis/figures/WidthThetaDiff.png Graphic file (type png)

<use TopAnalysis/figures/WidthThetaDiff.png>
Package pdftex.def Info: TopAnalysis/figures/WidthThetaDiff.png used on input l
ine 330.
(pdftex.def)             Requested size: 192.05478pt x 130.24016pt.

Underfull \vbox (badness 7613) has occurred while \output is active []

 [87 <./TopAnalysis/figures/comparejetmethods.png>]
<TopAnalysis/figures/EfficiencyvsMCTheta.png, id=2563, 698.61pt x 473.77pt>
File: TopAnalysis/figures/EfficiencyvsMCTheta.png Graphic file (type png)

<use TopAnalysis/figures/EfficiencyvsMCTheta.png>
Package pdftex.def Info: TopAnalysis/figures/EfficiencyvsMCTheta.png used on in
put line 341.
(pdftex.def)             Requested size: 256.0774pt x 173.65837pt.

<TopAnalysis/figures/RawSPrime.png, id=2564, 698.61pt x 473.77pt>
File: TopAnalysis/figures/RawSPrime.png Graphic file (type png)

<use TopAnalysis/figures/RawSPrime.png>
Package pdftex.def Info: TopAnalysis/figures/RawSPrime.png used on input line 3
57.
(pdftex.def)             Requested size: 256.0774pt x 173.65837pt.
 [88 <./TopAnalysis/figures/MeanThetaDiff.png> <./TopAnalysis/figures/WidthThet
aDiff.png>] [89 <./TopAnalysis/figures/EfficiencyvsMCTheta.png> <./TopAnalysis/
figures/RawSPrime.png>]
File: TopAnalysis/figures/dummy.png Graphic file (type png)

<use TopAnalysis/figures/dummy.png>
Package pdftex.def Info: TopAnalysis/figures/dummy.png used on input line 371.
(pdftex.def)             Requested size: 256.0774pt x 299.20886pt.
File: TopAnalysis/figures/dummy.png Graphic file (type png)
 <use TopAnalysis/figures/dummy.png>
Package pdftex.def Info: TopAnalysis/figures/dummy.png used on input line 380.
(pdftex.def)             Requested size: 256.0774pt x 299.20886pt.

Underfull \vbox (badness 2689) has occurred while \output is active []

 [90]
File: TopAnalysis/figures/dummy.png Graphic file (type png)

<use TopAnalysis/figures/dummy.png>
Package pdftex.def Info: TopAnalysis/figures/dummy.png used on input line 389.
(pdftex.def)             Requested size: 256.0774pt x 299.20886pt.
File: TopAnalysis/figures/dummy.png Graphic file (type png)
 <use TopAnalysis/figures/dummy.png>
Package pdftex.def Info: TopAnalysis/figures/dummy.png used on input line 396.
(pdftex.def)             Requested size: 256.0774pt x 299.20886pt.

[91] [92] [93]
File: TopAnalysis/figures/dummy.png Graphic file (type png)
 <use TopAnalysis/figures/dummy.png>
Package pdftex.def Info: TopAnalysis/figures/dummy.png used on input line 407.
(pdftex.def)             Requested size: 256.0774pt x 299.20886pt.
File: TopAnalysis/figures/dummy.png Graphic file (type png)

<use TopAnalysis/figures/dummy.png>
Package pdftex.def Info: TopAnalysis/figures/dummy.png used on input line 414.
(pdftex.def)             Requested size: 256.0774pt x 299.20886pt.

<TopAnalysis/figures/btag_crosses.pdf, id=2597, 569.12625pt x 298.11375pt>
File: TopAnalysis/figures/btag_crosses.pdf Graphic file (type pdf)

<use TopAnalysis/figures/btag_crosses.pdf>
Package pdftex.def Info: TopAnalysis/figures/btag_crosses.pdf used on input lin
e 432.
(pdftex.def)             Requested size: 332.90712pt x 174.37991pt.
 [94]
Underfull \vbox (badness 7468) has occurred while \output is active []

 [95]
<TopAnalysis/figures/HighestBTag_SigVsBkg.png, id=2609, 698.61pt x 473.77pt>
File: TopAnalysis/figures/HighestBTag_SigVsBkg.png Graphic file (type png)

<use TopAnalysis/figures/HighestBTag_SigVsBkg.png>
Package pdftex.def Info: TopAnalysis/figures/HighestBTag_SigVsBkg.png used on i
nput line 445.
(pdftex.def)             Requested size: 192.05478pt x 130.24016pt.

<TopAnalysis/figures/NextHighestBTag_SigVsBkg.png, id=2610, 698.61pt x 473.77pt
>
File: TopAnalysis/figures/NextHighestBTag_SigVsBkg.png Graphic file (type png)
 <use TopAnalysis/figures/NextHighestBTag_SigVsBkg.png>
Package pdftex.def Info: TopAnalysis/figures/NextHighestBTag_SigVsBkg.png used 
on input line 450.
(pdftex.def)             Requested size: 192.05478pt x 130.24016pt.

Underfull \vbox (badness 10000) has occurred while \output is active []

 [96 <./TopAnalysis/figures/btag_crosses.pdf, page is rotated 90 degrees> <./To
pAnalysis/figures/HighestBTag_SigVsBkg.png> <./TopAnalysis/figures/NextHighestB
Tag_SigVsBkg.png>]
Underfull \vbox (badness 3547) has occurred while \output is active []

 [97])
[98]
\openout2 = `DECALStudies/decal.aux'.

 (./DECALStudies/decal.tex
Chapter 6.

Underfull \vbox (badness 3701) has occurred while \output is active []

 [99



])
[100]
\openout2 = `Conclusion/content.aux'.

 (./Conclusion/content.tex
Chapter 7.
) [101



] [102


] (./thesis.bbl [103

]
Underfull \hbox (badness 1231) in paragraph at lines 91--94
[]\OT1/cmr/m/n/12 Y. Giomataris, P. Re-bourgeard, J. P. Robert, and G. Charpak,
 ``MI-
 []

[104]
Missing character: There is no ‚ in font cmr12!
Missing character: There is no Ä in font cmr12!
Missing character: There is no ì in font cmr12!
 [105]) [106]
\openout2 = `Appendix/appendix.aux'.

 (./Appendix/appendix.tex
Chapter 8.
<Appendix/figures/DiraLep.pdf, id=2701, 569.12625pt x 480.79625pt>
File: Appendix/figures/DiraLep.pdf Graphic file (type pdf)

<use Appendix/figures/DiraLep.pdf>
Package pdftex.def Info: Appendix/figures/DiraLep.pdf used on input line 8.
(pdftex.def)             Requested size: 160.04674pt x 135.20892pt.

<Appendix/figures/DiraWqq.pdf, id=2702, 569.12625pt x 480.79625pt>
File: Appendix/figures/DiraWqq.pdf Graphic file (type pdf)

<use Appendix/figures/DiraWqq.pdf>
Package pdftex.def Info: Appendix/figures/DiraWqq.pdf used on input line 14.
(pdftex.def)             Requested size: 160.04674pt x 135.20892pt.

<Appendix/figures/EWqq.pdf, id=2703, 569.12625pt x 480.79625pt>
File: Appendix/figures/EWqq.pdf Graphic file (type pdf)

<use Appendix/figures/EWqq.pdf>
Package pdftex.def Info: Appendix/figures/EWqq.pdf used on input line 23.
(pdftex.def)             Requested size: 160.04674pt x 135.20892pt.

<Appendix/figures/HiggsMass.pdf, id=2704, 569.12625pt x 480.79625pt>
File: Appendix/figures/HiggsMass.pdf Graphic file (type pdf)

<use Appendix/figures/HiggsMass.pdf>
Package pdftex.def Info: Appendix/figures/HiggsMass.pdf used on input line 29.
(pdftex.def)             Requested size: 160.04674pt x 135.20892pt.

<Appendix/figures/JetCosTheta.pdf, id=2705, 569.12625pt x 480.79625pt>
File: Appendix/figures/JetCosTheta.pdf Graphic file (type pdf)

<use Appendix/figures/JetCosTheta.pdf>
Package pdftex.def Info: Appendix/figures/JetCosTheta.pdf used on input line 35
.
(pdftex.def)             Requested size: 160.04674pt x 135.20892pt.

<Appendix/figures/LepID.pdf, id=2706, 569.12625pt x 480.79625pt>
File: Appendix/figures/LepID.pdf Graphic file (type pdf)

<use Appendix/figures/LepID.pdf>
Package pdftex.def Info: Appendix/figures/LepID.pdf used on input line 40.
(pdftex.def)             Requested size: 160.04674pt x 135.20892pt.

<Appendix/figures/LepPt.pdf, id=2707, 569.12625pt x 480.79625pt>
File: Appendix/figures/LepPt.pdf Graphic file (type pdf)

<use Appendix/figures/LepPt.pdf>
Package pdftex.def Info: Appendix/figures/LepPt.pdf used on input line 45.
(pdftex.def)             Requested size: 160.04674pt x 135.20892pt.

<Appendix/figures/MinJetLepAngSep.pdf, id=2708, 569.12625pt x 480.79625pt>
File: Appendix/figures/MinJetLepAngSep.pdf Graphic file (type pdf)

<use Appendix/figures/MinJetLepAngSep.pdf>
Package pdftex.def Info: Appendix/figures/MinJetLepAngSep.pdf used on input lin
e 50.
(pdftex.def)             Requested size: 160.04674pt x 135.20892pt.

Underfull \hbox (badness 10000) in paragraph at lines 21--53
[][][]
 []


Underfull \hbox (badness 10000) in paragraph at lines 21--53
[][]
 []

<Appendix/figures/MinJetLepPt.pdf, id=2709, 569.12625pt x 480.79625pt>
File: Appendix/figures/MinJetLepPt.pdf Graphic file (type pdf)

<use Appendix/figures/MinJetLepPt.pdf>
Package pdftex.def Info: Appendix/figures/MinJetLepPt.pdf used on input line 58
.
(pdftex.def)             Requested size: 160.04674pt x 135.20892pt.

<Appendix/figures/MinorThrust.pdf, id=2710, 569.12625pt x 480.79625pt>
File: Appendix/figures/MinorThrust.pdf Graphic file (type pdf)

<use Appendix/figures/MinorThrust.pdf>
Package pdftex.def Info: Appendix/figures/MinorThrust.pdf used on input line 64
.
(pdftex.def)             Requested size: 160.04674pt x 135.20892pt.

<Appendix/figures/MissingE.pdf, id=2711, 569.12625pt x 480.79625pt>
File: Appendix/figures/MissingE.pdf Graphic file (type pdf)

<use Appendix/figures/MissingE.pdf>
Package pdftex.def Info: Appendix/figures/MissingE.pdf used on input line 70.
(pdftex.def)             Requested size: 160.04674pt x 135.20892pt.

<Appendix/figures/MissingPt.pdf, id=2712, 569.12625pt x 480.79625pt>
File: Appendix/figures/MissingPt.pdf Graphic file (type pdf)

<use Appendix/figures/MissingPt.pdf>
Package pdftex.def Info: Appendix/figures/MissingPt.pdf used on input line 75.
(pdftex.def)             Requested size: 160.04674pt x 135.20892pt.

<Appendix/figures/MWqq.pdf, id=2713, 569.12625pt x 480.79625pt>
File: Appendix/figures/MWqq.pdf Graphic file (type pdf)

<use Appendix/figures/MWqq.pdf>
Package pdftex.def Info: Appendix/figures/MWqq.pdf used on input line 80.
(pdftex.def)             Requested size: 160.04674pt x 135.20892pt.

<Appendix/figures/nLep.pdf, id=2714, 569.12625pt x 480.79625pt>
File: Appendix/figures/nLep.pdf Graphic file (type pdf)

<use Appendix/figures/nLep.pdf>
Package pdftex.def Info: Appendix/figures/nLep.pdf used on input line 85.
(pdftex.def)             Requested size: 160.04674pt x 135.20892pt.

Underfull \hbox (badness 10000) in paragraph at lines 56--88
[][][]
 []


Underfull \hbox (badness 10000) in paragraph at lines 56--88
[][]
 []

<Appendix/figures/NTightPFOs.pdf, id=2715, 569.12625pt x 480.79625pt>
File: Appendix/figures/NTightPFOs.pdf Graphic file (type pdf)

<use Appendix/figures/NTightPFOs.pdf>
Package pdftex.def Info: Appendix/figures/NTightPFOs.pdf used on input line 93.

(pdftex.def)             Requested size: 160.04674pt x 135.20892pt.

<Appendix/figures/PFOsInJets.pdf, id=2716, 569.12625pt x 480.79625pt>
File: Appendix/figures/PFOsInJets.pdf Graphic file (type pdf)

<use Appendix/figures/PFOsInJets.pdf>
Package pdftex.def Info: Appendix/figures/PFOsInJets.pdf used on input line 99.

(pdftex.def)             Requested size: 160.04674pt x 135.20892pt.

<Appendix/figures/SumBTags.pdf, id=2717, 569.12625pt x 480.79625pt>
File: Appendix/figures/SumBTags.pdf Graphic file (type pdf)

<use Appendix/figures/SumBTags.pdf>
Package pdftex.def Info: Appendix/figures/SumBTags.pdf used on input line 105.
(pdftex.def)             Requested size: 160.04674pt x 135.20892pt.

<Appendix/figures/WqqLepAngSep.pdf, id=2718, 569.12625pt x 480.79625pt>
File: Appendix/figures/WqqLepAngSep.pdf Graphic file (type pdf)

<use Appendix/figures/WqqLepAngSep.pdf>
Package pdftex.def Info: Appendix/figures/WqqLepAngSep.pdf used on input line 1
10.
(pdftex.def)             Requested size: 160.04674pt x 135.20892pt.

<Appendix/figures/Y12.pdf, id=2719, 569.12625pt x 480.79625pt>
File: Appendix/figures/Y12.pdf Graphic file (type pdf)

<use Appendix/figures/Y12.pdf>
Package pdftex.def Info: Appendix/figures/Y12.pdf used on input line 115.
(pdftex.def)             Requested size: 160.04674pt x 135.20892pt.

Underfull \hbox (badness 10000) in paragraph at lines 91--118
[][][]
 []


Underfull \hbox (badness 10000) in paragraph at lines 91--118
[][]
 []

) [107



 <./Appendix/figures/DiraLep.pdf, page is rotated 90 degrees> <./Appendix/figur
es/DiraWqq.pdf, page is rotated 90 degrees>] [108 <./Appendix/figures/EWqq.pdf,
 page is rotated 90 degrees> <./Appendix/figures/HiggsMass.pdf, page is rotated
 90 degrees> <./Appendix/figures/JetCosTheta.pdf, page is rotated 90 degrees> <
./Appendix/figures/LepID.pdf, page is rotated 90 degrees> <./Appendix/figures/L
epPt.pdf, page is rotated 90 degrees> <./Appendix/figures/MinJetLepAngSep.pdf, 
page is rotated 90 degrees>] [109 <./Appendix/figures/MinJetLepPt.pdf, page is 
rotated 90 degrees> <./Appendix/figures/MinorThrust.pdf, page is rotated 90 deg
rees> <./Appendix/figures/MissingE.pdf, page is rotated 90 degrees> <./Appendix
/figures/MissingPt.pdf, page is rotated 90 degrees> <./Appendix/figures/MWqq.pd
f, page is rotated 90 degrees> <./Appendix/figures/nLep.pdf, page is rotated 90
 degrees>] [110 <./Appendix/figures/NTightPFOs.pdf, page is rotated 90 degrees>
 <./Appendix/figures/PFOsInJets.pdf, page is rotated 90 degrees> <./Appendix/fi
gures/SumBTags.pdf, page is rotated 90 degrees> <./Appendix/figures/WqqLepAngSe
p.pdf, page is rotated 90 degrees> <./Appendix/figures/Y12.pdf, page is rotated
 90 degrees>]
Package atveryend Info: Empty hook `BeforeClearDocument' on input line 211.
Package atveryend Info: Empty hook `AfterLastShipout' on input line 211.
 (./thesis.aux (./abstract.aux)
(./Introduction/introduction.aux) (./Experiments/experiments.aux)
(./Theory/theory.aux) (./HiggsAnalysis/higgs.aux) (./TopAnalysis/top.aux)
(./DECALStudies/decal.aux) (./Conclusion/content.aux) (./Appendix/appendix.aux)
)
Package atveryend Info: Executing hook `AtVeryEndDocument' on input line 211.
Package atveryend Info: Executing hook `AtEndAfterFileList' on input line 211.
Package rerunfilecheck Info: File `thesis.out' has not changed.
(rerunfilecheck)             Checksum: CB425CF1672E004DC4358734940181B0;4371.
Package atveryend Info: Empty hook `AtVeryVeryEnd' on input line 211.
 ) 
Here is how much of TeX's memory you used:
 11218 strings out of 493039
 172331 string characters out of 6136943
 273165 words of memory out of 5000000
 13991 multiletter control sequences out of 15000+600000
 21337 words of font info for 83 fonts, out of 8000000 for 9000
 1137 hyphenation exceptions out of 8191
 42i,13n,45p,3095b,528s stack positions out of 5000i,500n,10000p,200000b,80000s
</usr/share/texlive/texmf-dist/fonts/type1/public/amsfonts/cm/cmbx10.pfb></us
r/share/texlive/texmf-dist/fonts/type1/public/amsfonts/cm/cmbx12.pfb></usr/shar
e/texlive/texmf-dist/fonts/type1/public/amsfonts/cm/cmbx8.pfb></usr/share/texli
ve/texmf-dist/fonts/type1/public/amsfonts/cm/cmcsc10.pfb></usr/share/texlive/te
xmf-dist/fonts/type1/public/amsfonts/cm/cmex10.pfb></usr/share/texlive/texmf-di
st/fonts/type1/public/amsfonts/cm/cmmi10.pfb></usr/share/texlive/texmf-dist/fon
ts/type1/public/amsfonts/cm/cmmi12.pfb></usr/share/texlive/texmf-dist/fonts/typ
e1/public/amsfonts/cm/cmmi6.pfb></usr/share/texlive/texmf-dist/fonts/type1/publ
ic/amsfonts/cm/cmmi8.pfb></usr/share/texlive/texmf-dist/fonts/type1/public/amsf
onts/cm/cmr10.pfb></usr/share/texlive/texmf-dist/fonts/type1/public/amsfonts/cm
/cmr12.pfb></usr/share/texlive/texmf-dist/fonts/type1/public/amsfonts/cm/cmr6.p
fb></usr/share/texlive/texmf-dist/fonts/type1/public/amsfonts/cm/cmr8.pfb></usr
/share/texlive/texmf-dist/fonts/type1/public/amsfonts/cm/cmss10.pfb></usr/share
/texlive/texmf-dist/fonts/type1/public/amsfonts/cm/cmss12.pfb></usr/share/texli
ve/texmf-dist/fonts/type1/public/amsfonts/cm/cmss17.pfb></usr/share/texlive/tex
mf-dist/fonts/type1/public/amsfonts/cm/cmssbx10.pfb></usr/share/texlive/texmf-d
ist/fonts/type1/public/amsfonts/cm/cmssi12.pfb></usr/share/texlive/texmf-dist/f
onts/type1/public/amsfonts/cm/cmsy10.pfb></usr/share/texlive/texmf-dist/fonts/t
ype1/public/amsfonts/cm/cmsy6.pfb></usr/share/texlive/texmf-dist/fonts/type1/pu
blic/amsfonts/cm/cmsy8.pfb></usr/share/texlive/texmf-dist/fonts/type1/public/am
sfonts/cm/cmti12.pfb></usr/share/texlive/texmf-dist/fonts/type1/public/amsfonts
/cm/cmu10.pfb></usr/share/texlive/texmf-dist/fonts/type1/public/rsfs/rsfs10.pfb
>
Output written on thesis.pdf (127 pages, 5728221 bytes).
PDF statistics:
 3732 PDF objects out of 4296 (max. 8388607)
 2404 compressed objects within 25 object streams
 424 named destinations out of 1000 (max. 500000)
 957 words of extra memory for PDF output out of 10000 (max. 10000000)

