\BOOKMARK [0][-]{chapter.1}{INTRODUCTION}{}% 1
\BOOKMARK [0][-]{chapter.2}{Experiments}{}% 2
\BOOKMARK [1][-]{section.2.1}{ILC}{chapter.2}% 3
\BOOKMARK [2][-]{subsection.2.1.1}{Energy Staging}{section.2.1}% 4
\BOOKMARK [2][-]{subsection.2.1.2}{Beam Production, Acceleration and Focusing}{section.2.1}% 5
\BOOKMARK [2][-]{subsection.2.1.3}{Positron Production}{section.2.1}% 6
\BOOKMARK [1][-]{section.2.2}{CLIC}{chapter.2}% 7
\BOOKMARK [2][-]{subsection.2.2.1}{Energy Staging}{section.2.2}% 8
\BOOKMARK [2][-]{subsection.2.2.2}{Acceleration Technology}{section.2.2}% 9
\BOOKMARK [1][-]{section.2.3}{Detectors}{chapter.2}% 10
\BOOKMARK [2][-]{subsection.2.3.1}{ILD}{section.2.3}% 11
\BOOKMARK [3][-]{subsubsection.2.3.1.1}{Vertexing}{subsection.2.3.1}% 12
\BOOKMARK [3][-]{subsubsection.2.3.1.2}{Tracking}{subsection.2.3.1}% 13
\BOOKMARK [3][-]{subsubsection.2.3.1.3}{Calorimetry}{subsection.2.3.1}% 14
\BOOKMARK [3][-]{subsubsection.2.3.1.4}{Muon Detection}{subsection.2.3.1}% 15
\BOOKMARK [2][-]{subsection.2.3.2}{SiD}{section.2.3}% 16
\BOOKMARK [1][-]{section.2.4}{Linear Collider Analysis Framework}{chapter.2}% 17
\BOOKMARK [2][-]{subsection.2.4.1}{Mokka}{section.2.4}% 18
\BOOKMARK [2][-]{subsection.2.4.2}{Pandora Particle Flow Algorithm}{section.2.4}% 19
\BOOKMARK [2][-]{subsection.2.4.3}{Marlin}{section.2.4}% 20
\BOOKMARK [0][-]{chapter.3}{Theory}{}% 21
\BOOKMARK [1][-]{section.3.1}{Higgs}{chapter.3}% 22
\BOOKMARK [2][-]{subsection.3.1.1}{HiggsStrahlung}{section.3.1}% 23
\BOOKMARK [1][-]{section.3.2}{Top}{chapter.3}% 24
\BOOKMARK [1][-]{section.3.3}{BSM}{chapter.3}% 25
\BOOKMARK [0][-]{chapter.4}{Higgs Analysis}{}% 26
\BOOKMARK [1][-]{section.4.1}{Introduction}{chapter.4}% 27
\BOOKMARK [1][-]{section.4.2}{Event Reconstruction}{chapter.4}% 28
\BOOKMARK [2][-]{subsection.4.2.1}{Lepton Identification}{section.4.2}% 29
\BOOKMARK [2][-]{subsection.4.2.2}{Jet Finding}{section.4.2}% 30
\BOOKMARK [1][-]{section.4.3}{Flavour Tagging}{chapter.4}% 31
\BOOKMARK [1][-]{section.4.4}{Event Selection}{chapter.4}% 32
\BOOKMARK [1][-]{section.4.5}{Conclusion}{chapter.4}% 33
\BOOKMARK [0][-]{chapter.5}{Top Tagging}{}% 34
\BOOKMARK [1][-]{section.5.1}{lepton finding}{chapter.5}% 35
\BOOKMARK [1][-]{section.5.2}{jet finding}{chapter.5}% 36
\BOOKMARK [2][-]{subsection.5.2.1}{fat jet properties}{section.5.2}% 37
\BOOKMARK [1][-]{section.5.3}{ISR effects}{chapter.5}% 38
\BOOKMARK [1][-]{section.5.4}{event selection}{chapter.5}% 39
\BOOKMARK [1][-]{section.5.5}{AFB determination}{chapter.5}% 40
\BOOKMARK [0][-]{chapter.6}{DECALStudies}{}% 41
\BOOKMARK [1][-]{section.6.1}{DigiMAPs}{chapter.6}% 42
\BOOKMARK [1][-]{section.6.2}{Design Optimization}{chapter.6}% 43
\BOOKMARK [1][-]{section.6.3}{Hardware studies}{chapter.6}% 44
\BOOKMARK [0][-]{chapter.7}{Conclusion}{}% 45
\BOOKMARK [0][-]{chapter.1}{FIRST APPENDIX}{}% 46
